<?xml version="1.0" encoding="UTF-8"?>
<testng-results ignored="0" total="1" passed="1" failed="0" skipped="0">
  <reporter-output>
  </reporter-output>
  <suite started-at="2021-07-19T23:57:42 IST" name="Suite" finished-at="2021-07-20T00:04:11 IST" duration-ms="388369">
    <groups>
      <group name="cucumber">
        <method signature="AbstractTestNGCucumberTests.feature(cucumber.api.testng.CucumberFeatureWrapper)[pri:0, instance:runner.Runner@2ea41516]" name="feature" class="cucumber.api.testng.AbstractTestNGCucumberTests"/>
      </group> <!-- cucumber -->
    </groups>
    <test started-at="2021-07-19T23:57:42 IST" name="Test" finished-at="2021-07-20T00:04:11 IST" duration-ms="388369">
      <class name="runner.Runner">
        <test-method is-config="true" signature="setUpClass()[pri:0, instance:runner.Runner@2ea41516]" started-at="2021-07-19T23:57:42 IST" name="setUpClass" finished-at="2021-07-19T23:57:43 IST" duration-ms="549" status="PASS">
          <reporter-output>
          </reporter-output>
        </test-method> <!-- setUpClass -->
        <test-method signature="feature(cucumber.api.testng.CucumberFeatureWrapper)[pri:0, instance:runner.Runner@2ea41516]" started-at="2021-07-19T23:57:43 IST" name="feature" description="Runs Cucumber Feature" data-provider="features" finished-at="2021-07-20T00:04:10 IST" duration-ms="386751" status="PASS">
          <params>
            <param index="0">
              <value>
                <![CDATA[Confirm Searching for various jobs should be possible as a registered user]]>
              </value>
            </param>
          </params>
          <reporter-output>
          </reporter-output>
        </test-method> <!-- feature -->
        <test-method is-config="true" signature="tearDownClass()[pri:0, instance:runner.Runner@2ea41516]" started-at="2021-07-20T00:04:10 IST" name="tearDownClass" finished-at="2021-07-20T00:04:11 IST" duration-ms="808" status="PASS">
          <reporter-output>
          </reporter-output>
        </test-method> <!-- tearDownClass -->
      </class> <!-- runner.Runner -->
    </test> <!-- Test -->
  </suite> <!-- Suite -->
</testng-results>
